2021-04-27 17:06:29.462  INFO 13672 --- [restartedMain] h.live.community.CommunityApplication    : Starting CommunityApplication using Java 1.8.0_281 on DESKTOP-8976F2K with PID 13672 (D:\IdeaProjects\community\target\classes started by 黄珣 in D:\IdeaProjects\community)
2021-04-27 17:06:29.463  INFO 13672 --- [restartedMain] h.live.community.CommunityApplication    : No active profile set, falling back to default profiles: default
2021-04-27 17:06:29.638  INFO 13672 --- [restartedMain] o.s.b.w.embedded.tomcat.TomcatWebServer  : Tomcat initialized with port(s): 8887 (http)
2021-04-27 17:06:29.638  INFO 13672 --- [restartedMain] o.apache.catalina.core.StandardService   : Starting service [Tomcat]
2021-04-27 17:06:29.638  INFO 13672 --- [restartedMain] org.apache.catalina.core.StandardEngine  : Starting Servlet engine: [Apache Tomcat/9.0.44]
2021-04-27 17:06:29.645  INFO 13672 --- [restartedMain] o.a.c.c.C.[Tomcat-6].[localhost].[/]     : Initializing Spring embedded WebApplicationContext
2021-04-27 17:06:29.645  INFO 13672 --- [restartedMain] w.s.c.ServletWebServerApplicationContext : Root WebApplicationContext: initialization completed in 180 ms
2021-04-27 17:06:29.654  INFO 13672 --- [restartedMain] com.zaxxer.hikari.HikariDataSource       : HikariPool-56 - Starting...
2021-04-27 17:06:29.658  INFO 13672 --- [restartedMain] com.zaxxer.hikari.HikariDataSource       : HikariPool-56 - Start completed.
2021-04-27 17:06:29.658  INFO 13672 --- [restartedMain] o.s.b.a.h2.H2ConsoleAutoConfiguration    : H2 console available at '/h2-console'. Database available at 'jdbc:h2:~/community'
2021-04-27 17:06:29.732  INFO 13672 --- [restartedMain] o.s.s.concurrent.ThreadPoolTaskExecutor  : Initializing ExecutorService 'applicationTaskExecutor'
2021-04-27 17:06:29.739  INFO 13672 --- [restartedMain] o.s.b.a.w.s.WelcomePageHandlerMapping    : Adding welcome page template: index
2021-04-27 17:06:29.758  INFO 13672 --- [restartedMain] o.s.b.d.a.OptionalLiveReloadServer       : LiveReload server is running on port 35729
2021-04-27 17:06:29.765  INFO 13672 --- [restartedMain] o.s.b.w.embedded.tomcat.TomcatWebServer  : Tomcat started on port(s): 8887 (http) with context path ''
2021-04-27 17:06:29.768  INFO 13672 --- [restartedMain] h.live.community.CommunityApplication    : Started CommunityApplication in 0.343 seconds (JVM running for 7592.901)
2021-04-27 17:06:29.769  INFO 13672 --- [http-nio-8887-exec-4] o.a.c.c.C.[Tomcat-6].[localhost].[/]     : Initializing Spring DispatcherServlet 'dispatcherServlet'
2021-04-27 17:06:29.770  INFO 13672 --- [http-nio-8887-exec-4] o.s.web.servlet.DispatcherServlet        : Initializing Servlet 'dispatcherServlet'
2021-04-27 17:06:29.770  INFO 13672 --- [restartedMain] .ConditionEvaluationDeltaLoggingListener : Condition evaluation unchanged
2021-04-27 17:06:29.770  INFO 13672 --- [http-nio-8887-exec-4] o.s.web.servlet.DispatcherServlet        : Completed initialization in 0 ms
2021-04-27 17:09:06.697  INFO 13672 --- [Thread-293] o.s.s.concurrent.ThreadPoolTaskExecutor  : Shutting down ExecutorService 'applicationTaskExecutor'
2021-04-27 17:09:06.698  INFO 13672 --- [Thread-293] com.zaxxer.hikari.HikariDataSource       : HikariPool-56 - Shutdown initiated...
2021-04-27 17:09:06.716  INFO 13672 --- [Thread-293] com.zaxxer.hikari.HikariDataSource       : HikariPool-56 - Shutdown completed.
2021-04-27 17:09:06.898  INFO 13672 --- [restartedMain] h.live.community.CommunityApplication    : Starting CommunityApplication using Java 1.8.0_281 on DESKTOP-8976F2K with PID 13672 (D:\IdeaProjects\community\target\classes started by 黄珣 in D:\IdeaProjects\community)
2021-04-27 17:09:06.899  INFO 13672 --- [restartedMain] h.live.community.CommunityApplication    : No active profile set, falling back to default profiles: default
2021-04-27 17:09:07.183  INFO 13672 --- [restartedMain] o.s.b.w.embedded.tomcat.TomcatWebServer  : Tomcat initialized with port(s): 8887 (http)
2021-04-27 17:09:07.185  INFO 13672 --- [restartedMain] o.apache.catalina.core.StandardService   : Starting service [Tomcat]
2021-04-27 17:09:07.185  INFO 13672 --- [restartedMain] org.apache.catalina.core.StandardEngine  : Starting Servlet engine: [Apache Tomcat/9.0.44]
2021-04-27 17:09:07.199  INFO 13672 --- [restartedMain] o.a.c.c.C.[Tomcat-6].[localhost].[/]     : Initializing Spring embedded WebApplicationContext
2021-04-27 17:09:07.199  INFO 13672 --- [restartedMain] w.s.c.ServletWebServerApplicationContext : Root WebApplicationContext: initialization completed in 297 ms
2021-04-27 17:09:07.213  INFO 13672 --- [restartedMain] com.zaxxer.hikari.HikariDataSource       : HikariPool-57 - Starting...
2021-04-27 17:09:07.217  INFO 13672 --- [restartedMain] com.zaxxer.hikari.HikariDataSource       : HikariPool-57 - Start completed.
2021-04-27 17:09:07.217  INFO 13672 --- [restartedMain] o.s.b.a.h2.H2ConsoleAutoConfiguration    : H2 console available at '/h2-console'. Database available at 'jdbc:h2:~/community'
2021-04-27 17:09:07.331  INFO 13672 --- [restartedMain] o.s.s.concurrent.ThreadPoolTaskExecutor  : Initializing ExecutorService 'applicationTaskExecutor'
2021-04-27 17:09:07.338  INFO 13672 --- [restartedMain] o.s.b.a.w.s.WelcomePageHandlerMapping    : Adding welcome page template: index
2021-04-27 17:09:07.379  INFO 13672 --- [restartedMain] o.s.b.d.a.OptionalLiveReloadServer       : LiveReload server is running on port 35729
2021-04-27 17:09:07.394  INFO 13672 --- [restartedMain] o.s.b.w.embedded.tomcat.TomcatWebServer  : Tomcat started on port(s): 8887 (http) with context path ''
2021-04-27 17:09:07.403  INFO 13672 --- [restartedMain] h.live.community.CommunityApplication    : Started CommunityApplication in 0.529 seconds (JVM running for 7750.537)
2021-04-27 17:09:07.407  INFO 13672 --- [restartedMain] .ConditionEvaluationDeltaLoggingListener : Condition evaluation unchanged
2021-04-27 17:09:07.410  INFO 13672 --- [http-nio-8887-exec-1] o.a.c.c.C.[Tomcat-6].[localhost].[/]     : Initializing Spring DispatcherServlet 'dispatcherServlet'
2021-04-27 17:09:07.412  INFO 13672 --- [http-nio-8887-exec-1] o.s.web.servlet.DispatcherServlet        : Initializing Servlet 'dispatcherServlet'
2021-04-27 17:09:07.412  INFO 13672 --- [http-nio-8887-exec-1] o.s.web.servlet.DispatcherServlet        : Completed initialization in 0 ms
2021-04-27 17:09:42.170  INFO 13672 --- [Thread-298] o.s.s.concurrent.ThreadPoolTaskExecutor  : Shutting down ExecutorService 'applicationTaskExecutor'
2021-04-27 17:09:42.170  INFO 13672 --- [Thread-298] com.zaxxer.hikari.HikariDataSource       : HikariPool-57 - Shutdown initiated...
2021-04-27 17:09:42.175  INFO 13672 --- [Thread-298] com.zaxxer.hikari.HikariDataSource       : HikariPool-57 - Shutdown completed.
