2021-05-01 14:47:21.793  INFO 13068 --- [restartedMain] h.live.community.CommunityApplication    : Starting CommunityApplication using Java 1.8.0_281 on DESKTOP-8976F2K with PID 13068 (D:\IdeaProjects\community\target\classes started by 黄珣 in D:\IdeaProjects\community)
2021-05-01 14:47:21.798  INFO 13068 --- [restartedMain] h.live.community.CommunityApplication    : No active profile set, falling back to default profiles: default
2021-05-01 14:47:21.842  INFO 13068 --- [restartedMain] .e.DevToolsPropertyDefaultsPostProcessor : Devtools property defaults active! Set 'spring.devtools.add-properties' to 'false' to disable
2021-05-01 14:47:21.843  INFO 13068 --- [restartedMain] .e.DevToolsPropertyDefaultsPostProcessor : For additional web related logging consider setting the 'logging.level.web' property to 'DEBUG'
2021-05-01 14:47:22.788  INFO 13068 --- [restartedMain] o.s.b.w.embedded.tomcat.TomcatWebServer  : Tomcat initialized with port(s): 8887 (http)
2021-05-01 14:47:22.798  INFO 13068 --- [restartedMain] o.apache.catalina.core.StandardService   : Starting service [Tomcat]
2021-05-01 14:47:22.798  INFO 13068 --- [restartedMain] org.apache.catalina.core.StandardEngine  : Starting Servlet engine: [Apache Tomcat/9.0.44]
2021-05-01 14:47:22.848  INFO 13068 --- [restartedMain] o.a.c.c.C.[Tomcat].[localhost].[/]       : Initializing Spring embedded WebApplicationContext
2021-05-01 14:47:22.848  INFO 13068 --- [restartedMain] w.s.c.ServletWebServerApplicationContext : Root WebApplicationContext: initialization completed in 1004 ms
2021-05-01 14:47:22.878  INFO 13068 --- [restartedMain] com.zaxxer.hikari.HikariDataSource       : HikariPool-1 - Starting...
2021-05-01 14:47:22.998  INFO 13068 --- [restartedMain] com.zaxxer.hikari.HikariDataSource       : HikariPool-1 - Start completed.
2021-05-01 14:47:23.003  INFO 13068 --- [restartedMain] o.s.b.a.h2.H2ConsoleAutoConfiguration    : H2 console available at '/h2-console'. Database available at 'jdbc:h2:~/community'
2021-05-01 14:47:23.727  INFO 13068 --- [restartedMain] o.s.s.concurrent.ThreadPoolTaskExecutor  : Initializing ExecutorService 'applicationTaskExecutor'
2021-05-01 14:47:23.796  INFO 13068 --- [restartedMain] o.s.b.a.w.s.WelcomePageHandlerMapping    : Adding welcome page template: index
2021-05-01 14:47:23.977  INFO 13068 --- [restartedMain] o.s.b.d.a.OptionalLiveReloadServer       : LiveReload server is running on port 35729
2021-05-01 14:47:24.016  INFO 13068 --- [restartedMain] o.s.b.w.embedded.tomcat.TomcatWebServer  : Tomcat started on port(s): 8887 (http) with context path ''
2021-05-01 14:47:24.026  INFO 13068 --- [restartedMain] h.live.community.CommunityApplication    : Started CommunityApplication in 2.535 seconds (JVM running for 3.521)
2021-05-01 14:47:27.810  INFO 13068 --- [http-nio-8887-exec-1] o.a.c.c.C.[Tomcat].[localhost].[/]       : Initializing Spring DispatcherServlet 'dispatcherServlet'
2021-05-01 14:47:27.810  INFO 13068 --- [http-nio-8887-exec-1] o.s.web.servlet.DispatcherServlet        : Initializing Servlet 'dispatcherServlet'
2021-05-01 14:47:27.811  INFO 13068 --- [http-nio-8887-exec-1] o.s.web.servlet.DispatcherServlet        : Completed initialization in 1 ms
2021-05-01 14:49:49.444  INFO 13068 --- [Thread-10] o.s.s.concurrent.ThreadPoolTaskExecutor  : Shutting down ExecutorService 'applicationTaskExecutor'
2021-05-01 14:49:49.444  INFO 13068 --- [Thread-10] com.zaxxer.hikari.HikariDataSource       : HikariPool-1 - Shutdown initiated...
2021-05-01 14:49:49.457  INFO 13068 --- [Thread-10] com.zaxxer.hikari.HikariDataSource       : HikariPool-1 - Shutdown completed.
2021-05-01 14:49:49.551  INFO 13068 --- [restartedMain] h.live.community.CommunityApplication    : Starting CommunityApplication using Java 1.8.0_281 on DESKTOP-8976F2K with PID 13068 (D:\IdeaProjects\community\target\classes started by 黄珣 in D:\IdeaProjects\community)
2021-05-01 14:49:49.551  INFO 13068 --- [restartedMain] h.live.community.CommunityApplication    : No active profile set, falling back to default profiles: default
2021-05-01 14:49:49.709  INFO 13068 --- [restartedMain] o.s.b.w.embedded.tomcat.TomcatWebServer  : Tomcat initialized with port(s): 8887 (http)
2021-05-01 14:49:49.709  INFO 13068 --- [restartedMain] o.apache.catalina.core.StandardService   : Starting service [Tomcat]
2021-05-01 14:49:49.710  INFO 13068 --- [restartedMain] org.apache.catalina.core.StandardEngine  : Starting Servlet engine: [Apache Tomcat/9.0.44]
2021-05-01 14:49:49.720  INFO 13068 --- [restartedMain] o.a.c.c.C.[Tomcat].[localhost].[/]       : Initializing Spring embedded WebApplicationContext
2021-05-01 14:49:49.720  INFO 13068 --- [restartedMain] w.s.c.ServletWebServerApplicationContext : Root WebApplicationContext: initialization completed in 167 ms
2021-05-01 14:49:49.729  INFO 13068 --- [restartedMain] com.zaxxer.hikari.HikariDataSource       : HikariPool-2 - Starting...
2021-05-01 14:49:49.739  INFO 13068 --- [restartedMain] com.zaxxer.hikari.HikariDataSource       : HikariPool-2 - Start completed.
2021-05-01 14:49:49.739  INFO 13068 --- [restartedMain] o.s.b.a.h2.H2ConsoleAutoConfiguration    : H2 console available at '/h2-console'. Database available at 'jdbc:h2:~/community'
2021-05-01 14:49:49.833  INFO 13068 --- [restartedMain] o.s.s.concurrent.ThreadPoolTaskExecutor  : Initializing ExecutorService 'applicationTaskExecutor'
2021-05-01 14:49:49.841  INFO 13068 --- [restartedMain] o.s.b.a.w.s.WelcomePageHandlerMapping    : Adding welcome page template: index
2021-05-01 14:49:49.866  INFO 13068 --- [restartedMain] o.s.b.d.a.OptionalLiveReloadServer       : LiveReload server is running on port 35729
2021-05-01 14:49:49.873  INFO 13068 --- [restartedMain] o.s.b.w.embedded.tomcat.TomcatWebServer  : Tomcat started on port(s): 8887 (http) with context path ''
2021-05-01 14:49:49.876  INFO 13068 --- [restartedMain] h.live.community.CommunityApplication    : Started CommunityApplication in 0.342 seconds (JVM running for 149.37)
2021-05-01 14:49:49.877  INFO 13068 --- [restartedMain] .ConditionEvaluationDeltaLoggingListener : Condition evaluation unchanged
2021-05-01 14:50:00.328  INFO 4912 --- [restartedMain] h.live.community.CommunityApplication    : Starting CommunityApplication using Java 1.8.0_281 on DESKTOP-8976F2K with PID 4912 (D:\IdeaProjects\community\target\classes started by 黄珣 in D:\IdeaProjects\community)
2021-05-01 14:50:00.328  INFO 4912 --- [restartedMain] h.live.community.CommunityApplication    : No active profile set, falling back to default profiles: default
2021-05-01 14:50:00.359  INFO 4912 --- [restartedMain] .e.DevToolsPropertyDefaultsPostProcessor : Devtools property defaults active! Set 'spring.devtools.add-properties' to 'false' to disable
2021-05-01 14:50:00.359  INFO 4912 --- [restartedMain] .e.DevToolsPropertyDefaultsPostProcessor : For additional web related logging consider setting the 'logging.level.web' property to 'DEBUG'
2021-05-01 14:50:01.046  INFO 4912 --- [restartedMain] o.s.b.w.embedded.tomcat.TomcatWebServer  : Tomcat initialized with port(s): 8887 (http)
2021-05-01 14:50:01.046  INFO 4912 --- [restartedMain] o.apache.catalina.core.StandardService   : Starting service [Tomcat]
2021-05-01 14:50:01.046  INFO 4912 --- [restartedMain] org.apache.catalina.core.StandardEngine  : Starting Servlet engine: [Apache Tomcat/9.0.44]
2021-05-01 14:50:01.093  INFO 4912 --- [restartedMain] o.a.c.c.C.[Tomcat].[localhost].[/]       : Initializing Spring embedded WebApplicationContext
2021-05-01 14:50:01.093  INFO 4912 --- [restartedMain] w.s.c.ServletWebServerApplicationContext : Root WebApplicationContext: initialization completed in 734 ms
2021-05-01 14:50:01.109  INFO 4912 --- [restartedMain] com.zaxxer.hikari.HikariDataSource       : HikariPool-1 - Starting...
2021-05-01 14:50:01.187  INFO 4912 --- [restartedMain] com.zaxxer.hikari.HikariDataSource       : HikariPool-1 - Start completed.
2021-05-01 14:50:01.187  INFO 4912 --- [restartedMain] o.s.b.a.h2.H2ConsoleAutoConfiguration    : H2 console available at '/h2-console'. Database available at 'jdbc:h2:~/community'
2021-05-01 14:50:01.589  INFO 4912 --- [restartedMain] o.s.s.concurrent.ThreadPoolTaskExecutor  : Initializing ExecutorService 'applicationTaskExecutor'
2021-05-01 14:50:01.636  INFO 4912 --- [restartedMain] o.s.b.a.w.s.WelcomePageHandlerMapping    : Adding welcome page template: index
2021-05-01 14:50:01.761  INFO 4912 --- [restartedMain] o.s.b.d.a.OptionalLiveReloadServer       : LiveReload server is running on port 35729
2021-05-01 14:50:01.777  INFO 4912 --- [restartedMain] o.s.b.w.embedded.tomcat.TomcatWebServer  : Tomcat started on port(s): 8887 (http) with context path ''
2021-05-01 14:50:01.777  INFO 4912 --- [restartedMain] h.live.community.CommunityApplication    : Started CommunityApplication in 1.692 seconds (JVM running for 2.232)
2021-05-01 15:30:37.066  INFO 14736 --- [restartedMain] h.live.community.CommunityApplication    : Starting CommunityApplication using Java 1.8.0_281 on DESKTOP-8976F2K with PID 14736 (D:\IdeaProjects\community\target\classes started by 黄珣 in D:\IdeaProjects\community)
2021-05-01 15:30:37.066  INFO 14736 --- [restartedMain] h.live.community.CommunityApplication    : No active profile set, falling back to default profiles: default
2021-05-01 15:30:37.097  INFO 14736 --- [restartedMain] .e.DevToolsPropertyDefaultsPostProcessor : Devtools property defaults active! Set 'spring.devtools.add-properties' to 'false' to disable
2021-05-01 15:30:37.097  INFO 14736 --- [restartedMain] .e.DevToolsPropertyDefaultsPostProcessor : For additional web related logging consider setting the 'logging.level.web' property to 'DEBUG'
2021-05-01 15:30:37.760  INFO 14736 --- [restartedMain] o.s.b.w.embedded.tomcat.TomcatWebServer  : Tomcat initialized with port(s): 8887 (http)
2021-05-01 15:30:37.760  INFO 14736 --- [restartedMain] o.apache.catalina.core.StandardService   : Starting service [Tomcat]
2021-05-01 15:30:37.760  INFO 14736 --- [restartedMain] org.apache.catalina.core.StandardEngine  : Starting Servlet engine: [Apache Tomcat/9.0.44]
2021-05-01 15:30:37.807  INFO 14736 --- [restartedMain] o.a.c.c.C.[Tomcat].[localhost].[/]       : Initializing Spring embedded WebApplicationContext
2021-05-01 15:30:37.807  INFO 14736 --- [restartedMain] w.s.c.ServletWebServerApplicationContext : Root WebApplicationContext: initialization completed in 710 ms
2021-05-01 15:30:37.838  INFO 14736 --- [restartedMain] com.zaxxer.hikari.HikariDataSource       : HikariPool-1 - Starting...
2021-05-01 15:30:37.917  INFO 14736 --- [restartedMain] com.zaxxer.hikari.HikariDataSource       : HikariPool-1 - Start completed.
2021-05-01 15:30:37.917  INFO 14736 --- [restartedMain] o.s.b.a.h2.H2ConsoleAutoConfiguration    : H2 console available at '/h2-console'. Database available at 'jdbc:h2:~/community'
2021-05-01 15:30:38.274  INFO 14736 --- [restartedMain] o.s.s.concurrent.ThreadPoolTaskExecutor  : Initializing ExecutorService 'applicationTaskExecutor'
2021-05-01 15:30:38.321  INFO 14736 --- [restartedMain] o.s.b.a.w.s.WelcomePageHandlerMapping    : Adding welcome page template: index
2021-05-01 15:30:38.446  INFO 14736 --- [restartedMain] o.s.b.d.a.OptionalLiveReloadServer       : LiveReload server is running on port 35729
2021-05-01 15:30:38.462  INFO 14736 --- [restartedMain] o.s.b.w.embedded.tomcat.TomcatWebServer  : Tomcat started on port(s): 8887 (http) with context path ''
2021-05-01 15:30:38.478  INFO 14736 --- [restartedMain] h.live.community.CommunityApplication    : Started CommunityApplication in 1.648 seconds (JVM running for 2.154)
2021-05-01 15:30:43.516  INFO 14736 --- [http-nio-8887-exec-1] o.a.c.c.C.[Tomcat].[localhost].[/]       : Initializing Spring DispatcherServlet 'dispatcherServlet'
2021-05-01 15:30:43.516  INFO 14736 --- [http-nio-8887-exec-1] o.s.web.servlet.DispatcherServlet        : Initializing Servlet 'dispatcherServlet'
2021-05-01 15:30:43.517  INFO 14736 --- [http-nio-8887-exec-1] o.s.web.servlet.DispatcherServlet        : Completed initialization in 1 ms
2021-05-01 15:30:59.601 ERROR 14736 --- [http-nio-8887-exec-7] h.l.c.controller.AuthorizeController     : callback get github error,GithubUser(name=null, id=null, bio=null, avatarUrl=null)
2021-05-01 15:34:47.677  INFO 14736 --- [Thread-9] o.s.s.concurrent.ThreadPoolTaskExecutor  : Shutting down ExecutorService 'applicationTaskExecutor'
2021-05-01 15:34:47.678  INFO 14736 --- [Thread-9] com.zaxxer.hikari.HikariDataSource       : HikariPool-1 - Shutdown initiated...
2021-05-01 15:34:47.882  INFO 14736 --- [Thread-9] com.zaxxer.hikari.HikariDataSource       : HikariPool-1 - Shutdown completed.
2021-05-01 15:34:48.034  INFO 14736 --- [restartedMain] h.live.community.CommunityApplication    : Starting CommunityApplication using Java 1.8.0_281 on DESKTOP-8976F2K with PID 14736 (D:\IdeaProjects\community\target\classes started by 黄珣 in D:\IdeaProjects\community)
2021-05-01 15:34:48.035  INFO 14736 --- [restartedMain] h.live.community.CommunityApplication    : No active profile set, falling back to default profiles: default
2021-05-01 15:34:48.245  INFO 14736 --- [restartedMain] o.s.b.w.embedded.tomcat.TomcatWebServer  : Tomcat initialized with port(s): 8887 (http)
2021-05-01 15:34:48.247  INFO 14736 --- [restartedMain] o.apache.catalina.core.StandardService   : Starting service [Tomcat]
2021-05-01 15:34:48.249  INFO 14736 --- [restartedMain] org.apache.catalina.core.StandardEngine  : Starting Servlet engine: [Apache Tomcat/9.0.44]
2021-05-01 15:34:48.261  INFO 14736 --- [restartedMain] o.a.c.c.C.[Tomcat].[localhost].[/]       : Initializing Spring embedded WebApplicationContext
2021-05-01 15:34:48.261  INFO 14736 --- [restartedMain] w.s.c.ServletWebServerApplicationContext : Root WebApplicationContext: initialization completed in 224 ms
2021-05-01 15:34:48.274  INFO 14736 --- [restartedMain] com.zaxxer.hikari.HikariDataSource       : HikariPool-2 - Starting...
2021-05-01 15:34:48.282  INFO 14736 --- [restartedMain] com.zaxxer.hikari.HikariDataSource       : HikariPool-2 - Start completed.
2021-05-01 15:34:48.282  INFO 14736 --- [restartedMain] o.s.b.a.h2.H2ConsoleAutoConfiguration    : H2 console available at '/h2-console'. Database available at 'jdbc:h2:~/community'
2021-05-01 15:34:48.400  INFO 14736 --- [restartedMain] o.s.s.concurrent.ThreadPoolTaskExecutor  : Initializing ExecutorService 'applicationTaskExecutor'
2021-05-01 15:34:48.413  INFO 14736 --- [restartedMain] o.s.b.a.w.s.WelcomePageHandlerMapping    : Adding welcome page template: index
2021-05-01 15:34:48.439  INFO 14736 --- [restartedMain] o.s.b.d.a.OptionalLiveReloadServer       : LiveReload server is running on port 35729
2021-05-01 15:34:48.448  INFO 14736 --- [restartedMain] o.s.b.w.embedded.tomcat.TomcatWebServer  : Tomcat started on port(s): 8887 (http) with context path ''
2021-05-01 15:34:48.452  INFO 14736 --- [restartedMain] h.live.community.CommunityApplication    : Started CommunityApplication in 0.447 seconds (JVM running for 252.128)
2021-05-01 15:34:48.454  INFO 14736 --- [restartedMain] .ConditionEvaluationDeltaLoggingListener : Condition evaluation unchanged
2021-05-01 15:41:18.848  INFO 14736 --- [http-nio-8887-exec-1] o.a.c.c.C.[Tomcat].[localhost].[/]       : Initializing Spring DispatcherServlet 'dispatcherServlet'
2021-05-01 15:41:18.849  INFO 14736 --- [http-nio-8887-exec-1] o.s.web.servlet.DispatcherServlet        : Initializing Servlet 'dispatcherServlet'
2021-05-01 15:41:18.851  INFO 14736 --- [http-nio-8887-exec-1] o.s.web.servlet.DispatcherServlet        : Completed initialization in 2 ms
2021-05-01 15:41:32.810 ERROR 14736 --- [http-nio-8887-exec-5] h.l.c.controller.AuthorizeController     : callback get github error,GithubUser(name=null, id=null, bio=null, avatarUrl=null)
